Arguments: 
  /Users/usuario/.nvm/versions/node/v16.9.0/bin/node /Users/usuario/.nvm/versions/node/v16.9.0/bin/yarn

PATH: 
  /Users/usuario/.nvm/versions/node/v16.9.0/bin:/Library/Frameworks/Python.framework/Versions/3.10/bin:/Library/Frameworks/Python.framework/Versions/3.9/bin:/usr/local/bin:/usr/bin:/bin:/usr/sbin:/sbin:/Library/Frameworks/Python.framework/Versions/3.10/bin:/Library/Frameworks/Python.framework/Versions/3.9/bin

Yarn version: 
  1.22.19

Node version: 
  16.9.0

Platform: 
  darwin x64

Trace: 
  Error: https://registry.yarnpkg.com/%27: Not found
      at Request.params.callback [as _callback] (/Users/usuario/.nvm/versions/node/v16.9.0/lib/node_modules/yarn/lib/cli.js:66145:18)
      at Request.self.callback (/Users/usuario/.nvm/versions/node/v16.9.0/lib/node_modules/yarn/lib/cli.js:140890:22)
      at Request.emit (node:events:394:28)
      at Request.<anonymous> (/Users/usuario/.nvm/versions/node/v16.9.0/lib/node_modules/yarn/lib/cli.js:141862:10)
      at Request.emit (node:events:394:28)
      at IncomingMessage.<anonymous> (/Users/usuario/.nvm/versions/node/v16.9.0/lib/node_modules/yarn/lib/cli.js:141784:12)
      at Object.onceWrapper (node:events:513:28)
      at IncomingMessage.emit (node:events:406:35)
      at endReadableNT (node:internal/streams/readable:1343:12)
      at processTicksAndRejections (node:internal/process/task_queues:83:21)

npm manifest: 
  {
    "name": "inventarios",
    "version": "1.0.0",
    "main": "node_modules/expo/AppEntry.js",
    "scripts": {
      "start": "expo start",
      "android": "expo start --android",
      "ios": "expo start --ios",
      "web": "expo start --web",
      "eject": "expo eject",
      "test": "jest --watchAll"
    },
    "jest": {
      "preset": "jest-expo"
    },
    "dependencies": {
      "@expo/vector-icons": "^13.0.0",
      "@react-navigation/bottom-tabs": "^6.0.5",
      "@react-navigation/native": "^6.0.2",
      "@react-navigation/native-stack": "^6.1.0",
      "axios": "^0.27.2",
      "'@react-native-community/netinfo": "8.2.0",
      "expo": "~45.0.0",
      "expo-asset": "~8.5.0",
      "expo-constants": "~13.1.1",
      "expo-font": "~10.1.0",
      "expo-linking": "~3.1.0",
      "expo-splash-screen": "~0.15.1",
      "expo-status-bar": "~1.3.0",
      "expo-system-ui": "~1.2.0",
      "expo-web-browser": "~10.2.0",
      "react": "17.0.2",
      "react-dom": "17.0.2",
      "react-native": "0.68.2",
      "react-native-flash-message": "^0.2.1",
      "react-native-paper": "^4.12.4",
      "react-native-safe-area-context": "4.2.4",
      "react-native-screens": "~3.11.1",
      "react-native-web": "0.17.7"
    },
    "devDependencies": {
      "@babel/core": "^7.12.9",
      "@types/react": "~17.0.21",
      "@types/react-native": "~0.66.13",
      "jest": "^26.6.3",
      "jest-expo": "~45.0.0",
      "react-test-renderer": "17.0.2",
      "typescript": "~4.3.5"
    },
    "private": true
  }

yarn manifest: 
  No manifest

Lockfile: 
  No lockfile
